#-----------------------------------------------------------
# Vivado v2019.2 (64-bit)
# SW Build 2708876 on Wed Nov  6 21:40:23 MST 2019
# IP Build 2700528 on Thu Nov  7 00:09:20 MST 2019
# Start of session at: Thu May 18 00:58:54 2023
# Process ID: 2268
# Current directory: D:/my_project/COS/3/MIPS_multi_cycle
# Command line: vivado.exe -gui_launcher_event rodinguilauncherevent37608 D:\my_project\COS\3\MIPS_multi_cycle\MIPS_multi_cycle.xpr
# Log file: D:/my_project/COS/3/MIPS_multi_cycle/vivado.log
# Journal file: D:/my_project/COS/3/MIPS_multi_cycle\vivado.jou
#-----------------------------------------------------------
start_gui
open_project D:/my_project/COS/3/MIPS_multi_cycle/MIPS_multi_cycle.xpr
Scanning sources...
Finished scanning sources
INFO: [IP_Flow 19-234] Refreshing IP repositories
INFO: [IP_Flow 19-1704] No user IP repositories specified
INFO: [IP_Flow 19-2313] Loaded Vivado IP repository 'D:/software/Xilinx/Vivado/2019.2/data/ip'.
update_compile_order -fileset sources_1
exit
INFO: [Common 17-206] Exiting Vivado at Thu May 18 01:30:08 2023...
